
ROM used: 940 (11%)
          940 (11%) including unused fragments

          1 Average locations per line
          11 Average locations per statement

RAM used: 59 (16%) at main() level
          75 (20%) worst case

Stack used: 1 worst case (out of 8 total available)

Lines Stmts  %   Files
----- ----- ---  -----
   68    17  20  ACD.c
  425     0   0  ..\..\..\..\..\..\..\Program Files (x86)\PICC\devices\16f887.h
  348    67  80  ..\..\..\..\..\..\..\Program Files (x86)\PICC\drivers\LCD.C
----- -----
  841    84 Total

Page ROM  %  RAM   Vol Diff  Functions:
---- --- --- ---   --- ----  ----------
0    117  12  13             @MULFF
0    265  28   4   490  4.6  MAIN
0     29   3   2             @ITOF
0    321  34  16             @ADDFF
0    204  22  14             @DIVFF

Program metrics:
    Functions               1
    Statements              84
    Comments                189
    Volume (V)              499
    Difficilty (D)          4.2
    Effort to implement (E) 2117
    Time to implement (T)   2 minutes
    Est Delivered Bugs (B)  0
    Cyclomatic Complexity   1
    Maintainability (MI)    99

 Segment     Used  Free
-----------  ----  ----
00000-00003     4  0  
00004-007FF   936  1108  
00800-00FFF     0  2048  
01000-017FF     0  2048  
01800-01FFF     0  2048  



