
ROM used: 2146 (26%)
          2852 (35%) including unused fragments

          3 Average locations per line
          20 Average locations per statement

RAM used: 61 (17%) at main() level
          83 (23%) worst case

Stack used: 5 worst case (out of 8 total available)

Lines Stmts  %   Files
----- ----- ---  -----
   84    38  36  LCD.c
  425     0   0  ..\..\..\..\..\..\..\Program Files (x86)\PICC\devices\16f887.h
  348    67  64  ..\..\..\..\..\..\..\Program Files (x86)\PICC\drivers\lcd.c
----- -----
  857   105 Total

Page ROM  %  RAM   Vol Diff  Functions:
---- --- --- ---   --- ----  ----------
0     21   1   1             @delay_ms1
0      8   0   0             @const75
 Inline        3   587  6.0  lcd_read_byte
0      6   0   0    59  4.2  lcd_read_nibble
0     12   1   1   172  3.4  lcd_send_nibble
0     59   3   3   317  4.3  lcd_send_byte
0     48   2   2   624  5.8  lcd_init
0     18   1   4   186  5.5  lcd_gotoxy
0     37   2   1   272  4.1  lcd_putc
1    804  37   4  1587  4.8  MAIN
0      1   0   0             @const121
0     72   3   3             @PSTRINGC7_92
0     29   1   2             @ITOF
0    117   5  13             @MULFF
0    202   9  14             @DIVFF
0      4   0   0             @const131
0     78   4   4             @PSTRINGCN7_92
 Inline        5             @FTOSD
0     66   3  13             @DIV3232
0    231  11  13             @PRINTF_L32D_92FPFPF
0    321  15  16             @ADDFF
0      4   0   0             @const145
0      4   0   0             @const146

Program metrics:
    Functions               8
    Statements              105
    Comments                202
    Volume (V)              5541
    Difficilty (D)          35.2
    Effort to implement (E) 194972
    Time to implement (T)   3 hours, 1 minutes
    Est Delivered Bugs (B)  1
    Cyclomatic Complexity   7
    Maintainability (MI)    145

 Segment     Used  Free
-----------  ----  ----
00000-00003     4  0  
00004-007FF  1338  706  
00800-00FFF   804  1244  
01000-017FF     0  2048  
01800-01FFF     0  2048  



