
ROM used: 37 (0%)
          37 (0%) including unused fragments

          0 Average locations per line
          4 Average locations per statement

RAM used: 5 (1%) at main() level
          5 (1%) worst case

Stack used: 0 worst case (out of 8 total available)

Lines Stmts  %   Files
----- ----- ---  -----
   22     9 100  Entrada y salida.c
  425     0   0  ..\..\..\..\..\..\..\Program Files (x86)\PICC\devices\16f887.h
----- -----
  447     9 Total

Page ROM  %  RAM   Vol Diff  Functions:
---- --- --- ---   --- ----  ----------
0     33  89   0   163  3.1  main

Program metrics:
    Functions               1
    Statements              9
    Comments                84
    Volume (V)              163
    Difficilty (D)          3.1
    Effort to implement (E) 499
    Time to implement (T)   0 minutes
    Est Delivered Bugs (B)  0
    Cyclomatic Complexity   1
    Maintainability (MI)    159

 Segment     Used  Free
-----------  ----  ----
00000-00003     4  0  
00004-007FF    33  2011  
00800-00FFF     0  2048  
01000-017FF     0  2048  
01800-01FFF     0  2048  



